POST /api/users/login 500 2.948 ms - 1292
POST /api/users/register 201 33.796 ms - 336
POST /api/users/login 401 12.368 ms - 39
POST /api/users/login 500 2.042 ms - 26
POST /api/users/login 500 2.688 ms - 26
POST /api/users/login 401 12.341 ms - 39
POST /api/users/login 401 5.469 ms - 39
POST /api/users/login 401 5.450 ms - 39
POST /api/users/register 201 22.738 ms - 336
POST /api/users/register 201 89.931 ms - 100
POST /api/users/login 401 60.908 ms - 39
POST /api/users/login 401 62.029 ms - 39
POST /api/users/register 400 5.376 ms - 33
POST /api/users/register 201 70.259 ms - 100
POST /api/users/login 401 77.861 ms - 39
POST /api/users/login 401 77.315 ms - 39
POST /api/users/login 401 75.017 ms - 39
POST /api/users/login 401 66.402 ms - 39
POST /api/users/login 401 62.114 ms - 39
POST /api/users/login 200 64.874 ms - 315
GET /api/users/profile 200 6.967 ms - 79
GET /api/users/profile 200 6.863 ms - 79
PUT /api/users/profile 200 75.131 ms - 337
GET /api/users/profile 200 4.800 ms - 79
POST /api/users/register 404 3.305 ms - 1240
POST /api/users/register 400 14.091 ms - 33
GET /api/users/profile 200 8.520 ms - 79
POST /api/users/register 201 95.038 ms - 100
POST /api/users/login 200 65.339 ms - 315
POST /api/users/login 200 63.375 ms - 315
POST /api/users/login 200 77.636 ms - 315
POST /api/users/login 200 75.474 ms - 315
POST /api/users/login 401 10.467 ms - 39
POST /api/users/register 201 89.022 ms - 100
POST /api/users/register 201 99.546 ms - 100
POST /api/users/login 200 63.060 ms - 330
GET /api/users/profile 200 6.648 ms - 94
GET /api/users/profile 200 6.432 ms - 351
GET /api/users/profile 200 6.371 ms - 94
POST /api/users/login 200 81.191 ms - 330
POST /api/products 201 22.687 ms - 515
POST /api/products 201 21.668 ms - 514
POST /api/products 201 20.912 ms - 658
POST /api/products 201 23.077 ms - 658
POST /api/users/login 200 73.905 ms - 330
